<?xml version="1.0" encoding="UTF-8"?>
<!-- Generated by org.testng.reporters.JUnitReportReporter -->
<testsuite skipped="0" hostname="EVRENOS6386" name="testBase.TestBase" tests="1" failures="0" timestamp="26 Feb 2019 11:09:11 GMT" time="8.308" errors="0">
  <testcase name="testTrial" time="8.308" classname="testBase.TestBase"/>
</testsuite> <!-- testBase.TestBase -->
